timestamp: 2012-08-05T12:02:59.749000
CREATE TABLE auth_user(
    id INTEGER PRIMARY KEY AUTOINCREMENT,
    first_name CHAR(128),
    last_name CHAR(128),
    email CHAR(512),
    password CHAR(512),
    registration_key CHAR(512),
    reset_password_key CHAR(512),
    registration_id CHAR(512)
);
success!
timestamp: 2012-08-05T12:02:59.912000
CREATE TABLE auth_group(
    id INTEGER PRIMARY KEY AUTOINCREMENT,
    role CHAR(512),
    description TEXT
);
success!
timestamp: 2012-08-05T12:03:00.012000
CREATE TABLE auth_membership(
    id INTEGER PRIMARY KEY AUTOINCREMENT,
    user_id INTEGER REFERENCES auth_user(id) ON DELETE CASCADE,
    group_id INTEGER REFERENCES auth_group(id) ON DELETE CASCADE
);
success!
timestamp: 2012-08-05T12:03:00.111000
CREATE TABLE auth_permission(
    id INTEGER PRIMARY KEY AUTOINCREMENT,
    group_id INTEGER REFERENCES auth_group(id) ON DELETE CASCADE,
    name CHAR(512),
    table_name CHAR(512),
    record_id INTEGER
);
success!
timestamp: 2012-08-05T12:03:00.268000
CREATE TABLE auth_event(
    id INTEGER PRIMARY KEY AUTOINCREMENT,
    time_stamp TIMESTAMP,
    client_ip CHAR(512),
    user_id INTEGER REFERENCES auth_user(id) ON DELETE CASCADE,
    origin CHAR(512),
    description TEXT
);
success!
timestamp: 2012-08-05T12:03:00.434000
CREATE TABLE auth_cas(
    id INTEGER PRIMARY KEY AUTOINCREMENT,
    user_id INTEGER REFERENCES auth_user(id) ON DELETE CASCADE,
    created_on TIMESTAMP,
    service CHAR(512),
    ticket CHAR(512),
    renew CHAR(1)
);
success!
timestamp: 2012-08-05T13:32:26.136000
CREATE TABLE category(
    id INTEGER PRIMARY KEY AUTOINCREMENT,
    name CHAR(128) NOT NULL UNIQUE,
    description TEXT
);
success!
timestamp: 2012-08-05T13:35:26.631000
ALTER TABLE category ADD picture CHAR(512);
timestamp: 2012-08-05T13:45:31.011000
CREATE TABLE product(
    id INTEGER PRIMARY KEY AUTOINCREMENT,
    name CHAR(512) NOT NULL,
    category INTEGER REFERENCES category(id) ON DELETE CASCADE,
    description TEXT,
    qtd INTEGER NOT NULL,
    origin CHAR(512),
    unit_price DOUBLE,
    total_price DOUBLE,
    picture CHAR(512),
    thumbnail CHAR(512),
    barcode CHAR(512)
);
success!
timestamp: 2012-08-05T14:46:36.310000
ALTER TABLE product ADD featured CHAR(1);
timestamp: 2012-08-12T12:08:23.557000
ALTER TABLE auth_user ADD picture CHAR(512);
timestamp: 2012-08-12T12:08:23.704000
ALTER TABLE auth_user ADD house_number CHAR(512);
timestamp: 2012-08-12T12:08:23.813000
ALTER TABLE auth_user ADD zipcode CHAR(512);
timestamp: 2012-08-12T12:08:23.967000
ALTER TABLE auth_user ADD address CHAR(512);
timestamp: 2012-08-12T13:20:55.831000
ALTER TABLE category ADD modified_by INTEGER REFERENCES auth_user (id) ON DELETE CASCADE;
timestamp: 2012-08-12T13:20:55.949000
ALTER TABLE category ADD is_active CHAR(1);
timestamp: 2012-08-12T13:20:56.031000
ALTER TABLE category ADD created_by INTEGER REFERENCES auth_user (id) ON DELETE CASCADE;
timestamp: 2012-08-12T13:20:56.121000
ALTER TABLE category ADD created_on TIMESTAMP;
timestamp: 2012-08-12T13:20:56.255000
ALTER TABLE category ADD modified_on TIMESTAMP;
timestamp: 2012-08-12T13:22:20.054000
ALTER TABLE product ADD modified_by INTEGER REFERENCES auth_user (id) ON DELETE CASCADE;
timestamp: 2012-08-12T13:22:20.189000
ALTER TABLE product ADD is_active CHAR(1);
timestamp: 2012-08-12T13:22:20.290000
ALTER TABLE product ADD created_by INTEGER REFERENCES auth_user (id) ON DELETE CASCADE;
timestamp: 2012-08-12T13:22:20.367000
ALTER TABLE product ADD created_on TIMESTAMP;
timestamp: 2012-08-12T13:22:20.457000
ALTER TABLE product ADD modified_on TIMESTAMP;
